2020-09-04 10:44:37,916 - elsapy.elsclient - INFO - Module loaded.
2020-09-04 10:44:40,853 - elsapy.elsentity - INFO - Module loaded.
2020-09-04 10:44:40,855 - elsapy.utils - INFO - Module loaded.
2020-09-04 10:44:40,856 - elsapy.elsprofile - INFO - Module loaded.
2020-09-04 10:44:40,857 - elsapy.elsdoc - INFO - Module loaded.
2020-09-04 10:44:40,858 - elsapy.elssearch - INFO - Module loaded.
2020-09-04 10:44:40,861 - elsapy.elsclient - INFO - Sending GET request to https://api.elsevier.com/content/search/sciencedirect?query=AI+governance
2020-09-04 10:44:43,517 - elsapy.elsclient - INFO - Sending GET request to https://api.elsevier.com/content/search/sciencedirect?start=25&count=25&query=AI+governance
2020-09-04 10:44:46,382 - elsapy.elsclient - INFO - Sending GET request to https://api.elsevier.com/content/search/sciencedirect?start=50&count=25&query=AI+governance
2020-09-04 10:44:48,381 - elsapy.elsclient - INFO - Sending GET request to https://api.elsevier.com/content/search/sciencedirect?start=75&count=25&query=AI+governance
2020-09-04 10:44:50,119 - elsapy.elsclient - INFO - Sending GET request to https://api.elsevier.com/content/search/sciencedirect?start=100&count=25&query=AI+governance
2020-09-04 10:44:51,838 - elsapy.elsclient - INFO - Sending GET request to https://api.elsevier.com/content/search/sciencedirect?start=125&count=25&query=AI+governance
2020-09-04 10:44:53,667 - elsapy.elsclient - INFO - Sending GET request to https://api.elsevier.com/content/search/sciencedirect?start=150&count=25&query=AI+governance
2020-09-04 10:44:55,432 - elsapy.elsclient - INFO - Sending GET request to https://api.elsevier.com/content/search/sciencedirect?start=175&count=25&query=AI+governance
2020-09-04 10:44:57,082 - elsapy.elsclient - INFO - Sending GET request to https://api.elsevier.com/content/search/sciencedirect?start=200&count=25&query=AI+governance
2020-09-04 10:44:58,937 - elsapy.elsclient - INFO - Sending GET request to https://api.elsevier.com/content/search/sciencedirect?start=225&count=25&query=AI+governance
2020-09-04 10:45:01,196 - elsapy.elsclient - INFO - Sending GET request to https://api.elsevier.com/content/search/sciencedirect?start=250&count=25&query=AI+governance
2020-09-04 10:45:03,113 - elsapy.elsclient - INFO - Sending GET request to https://api.elsevier.com/content/search/sciencedirect?start=275&count=25&query=AI+governance
2020-09-04 10:45:04,799 - elsapy.elsclient - INFO - Sending GET request to https://api.elsevier.com/content/search/sciencedirect?start=300&count=25&query=AI+governance
2020-09-04 10:45:06,733 - elsapy.elsclient - INFO - Sending GET request to https://api.elsevier.com/content/search/sciencedirect?start=325&count=25&query=AI+governance
2020-09-04 10:45:08,446 - elsapy.elsclient - INFO - Sending GET request to https://api.elsevier.com/content/search/sciencedirect?start=350&count=25&query=AI+governance
2020-09-04 10:45:10,115 - elsapy.elsclient - INFO - Sending GET request to https://api.elsevier.com/content/search/sciencedirect?start=375&count=25&query=AI+governance
2020-09-04 10:45:12,132 - elsapy.elsclient - INFO - Sending GET request to https://api.elsevier.com/content/search/sciencedirect?start=400&count=25&query=AI+governance
2020-09-04 10:45:14,165 - elsapy.elsclient - INFO - Sending GET request to https://api.elsevier.com/content/search/sciencedirect?start=425&count=25&query=AI+governance
2020-09-04 10:45:16,742 - elsapy.elsclient - INFO - Sending GET request to https://api.elsevier.com/content/search/sciencedirect?start=450&count=25&query=AI+governance
2020-09-04 10:45:18,650 - elsapy.elsclient - INFO - Sending GET request to https://api.elsevier.com/content/search/sciencedirect?start=475&count=25&query=AI+governance
2020-09-04 10:45:20,306 - elsapy.elsclient - INFO - Sending GET request to https://api.elsevier.com/content/search/sciencedirect?start=500&count=25&query=AI+governance
2020-09-04 10:45:22,437 - elsapy.elsclient - INFO - Sending GET request to https://api.elsevier.com/content/search/sciencedirect?start=525&count=25&query=AI+governance
2020-09-04 10:45:24,165 - elsapy.elsclient - INFO - Sending GET request to https://api.elsevier.com/content/search/sciencedirect?start=550&count=25&query=AI+governance
2020-09-04 10:45:25,964 - elsapy.elsclient - INFO - Sending GET request to https://api.elsevier.com/content/search/sciencedirect?start=575&count=25&query=AI+governance
2020-09-04 10:45:27,595 - elsapy.elsclient - INFO - Sending GET request to https://api.elsevier.com/content/search/sciencedirect?start=600&count=25&query=AI+governance
2020-09-04 10:45:29,281 - elsapy.elsclient - INFO - Sending GET request to https://api.elsevier.com/content/search/sciencedirect?start=625&count=25&query=AI+governance
2020-09-04 10:45:30,976 - elsapy.elsclient - INFO - Sending GET request to https://api.elsevier.com/content/search/sciencedirect?start=650&count=25&query=AI+governance
2020-09-04 10:45:32,605 - elsapy.elsclient - INFO - Sending GET request to https://api.elsevier.com/content/search/sciencedirect?start=675&count=25&query=AI+governance
2020-09-04 10:45:36,861 - elsapy.elsclient - INFO - Sending GET request to https://api.elsevier.com/content/search/sciencedirect?start=700&count=25&query=AI+governance
2020-09-04 10:45:38,620 - elsapy.elsclient - INFO - Sending GET request to https://api.elsevier.com/content/search/sciencedirect?start=725&count=25&query=AI+governance
2020-09-04 10:45:40,989 - elsapy.elsclient - INFO - Sending GET request to https://api.elsevier.com/content/search/sciencedirect?start=750&count=25&query=AI+governance
2020-09-04 10:45:43,599 - elsapy.elsclient - INFO - Sending GET request to https://api.elsevier.com/content/search/sciencedirect?start=775&count=25&query=AI+governance
2020-09-04 10:45:45,307 - elsapy.elsclient - INFO - Sending GET request to https://api.elsevier.com/content/search/sciencedirect?start=800&count=25&query=AI+governance
2020-09-04 10:45:47,357 - elsapy.elsclient - INFO - Sending GET request to https://api.elsevier.com/content/search/sciencedirect?start=825&count=25&query=AI+governance
2020-09-04 10:45:49,084 - elsapy.elsclient - INFO - Sending GET request to https://api.elsevier.com/content/search/sciencedirect?start=850&count=25&query=AI+governance
2020-09-04 10:45:50,716 - elsapy.elsclient - INFO - Sending GET request to https://api.elsevier.com/content/search/sciencedirect?start=875&count=25&query=AI+governance
2020-09-04 10:45:52,300 - elsapy.elsclient - INFO - Sending GET request to https://api.elsevier.com/content/search/sciencedirect?start=900&count=25&query=AI+governance
2020-09-04 10:45:54,221 - elsapy.elsclient - INFO - Sending GET request to https://api.elsevier.com/content/search/sciencedirect?start=925&count=25&query=AI+governance
2020-09-04 10:45:55,837 - elsapy.elsclient - INFO - Sending GET request to https://api.elsevier.com/content/search/sciencedirect?start=950&count=25&query=AI+governance
2020-09-04 10:45:57,703 - elsapy.elsclient - INFO - Sending GET request to https://api.elsevier.com/content/search/sciencedirect?start=975&count=25&query=AI+governance
2020-09-04 10:45:59,801 - elsapy.elsclient - INFO - Sending GET request to https://api.elsevier.com/content/search/sciencedirect?start=1000&count=25&query=AI+governance
2020-09-04 10:46:01,484 - elsapy.elsclient - INFO - Sending GET request to https://api.elsevier.com/content/search/sciencedirect?start=1025&count=25&query=AI+governance
2020-09-04 10:46:03,167 - elsapy.elsclient - INFO - Sending GET request to https://api.elsevier.com/content/search/sciencedirect?start=1050&count=25&query=AI+governance
2020-09-04 10:46:04,923 - elsapy.elsclient - INFO - Sending GET request to https://api.elsevier.com/content/search/sciencedirect?start=1075&count=25&query=AI+governance
2020-09-04 10:46:07,237 - elsapy.elsclient - INFO - Sending GET request to https://api.elsevier.com/content/search/sciencedirect?start=1100&count=25&query=AI+governance
2020-09-04 10:46:10,165 - elsapy.elsclient - INFO - Sending GET request to https://api.elsevier.com/content/search/sciencedirect?start=1125&count=25&query=AI+governance
2020-09-04 10:46:13,185 - elsapy.elsclient - INFO - Sending GET request to https://api.elsevier.com/content/search/sciencedirect?start=1150&count=25&query=AI+governance
2020-09-04 10:46:15,141 - elsapy.elsclient - INFO - Sending GET request to https://api.elsevier.com/content/search/sciencedirect?start=1175&count=25&query=AI+governance
2020-09-04 10:46:16,789 - elsapy.elsclient - INFO - Sending GET request to https://api.elsevier.com/content/search/sciencedirect?start=1200&count=25&query=AI+governance
2020-09-04 10:46:18,437 - elsapy.elsclient - INFO - Sending GET request to https://api.elsevier.com/content/search/sciencedirect?start=1225&count=25&query=AI+governance
2020-09-04 10:46:20,035 - elsapy.elsclient - INFO - Sending GET request to https://api.elsevier.com/content/search/sciencedirect?start=1250&count=25&query=AI+governance
2020-09-04 10:46:21,700 - elsapy.elsclient - INFO - Sending GET request to https://api.elsevier.com/content/search/sciencedirect?start=1275&count=25&query=AI+governance
2020-09-04 10:46:23,506 - elsapy.elsclient - INFO - Sending GET request to https://api.elsevier.com/content/search/sciencedirect?start=1300&count=25&query=AI+governance
2020-09-04 10:46:25,867 - elsapy.elsclient - INFO - Sending GET request to https://api.elsevier.com/content/search/sciencedirect?start=1325&count=25&query=AI+governance
2020-09-04 10:46:27,490 - elsapy.elsclient - INFO - Sending GET request to https://api.elsevier.com/content/search/sciencedirect?start=1350&count=25&query=AI+governance
2020-09-04 10:46:29,189 - elsapy.elsclient - INFO - Sending GET request to https://api.elsevier.com/content/search/sciencedirect?start=1375&count=25&query=AI+governance
2020-09-04 10:46:31,090 - elsapy.elsclient - INFO - Sending GET request to https://api.elsevier.com/content/search/sciencedirect?start=1400&count=25&query=AI+governance
2020-09-04 10:46:33,136 - elsapy.elsclient - INFO - Sending GET request to https://api.elsevier.com/content/search/sciencedirect?start=1425&count=25&query=AI+governance
2020-09-04 10:46:34,844 - elsapy.elsclient - INFO - Sending GET request to https://api.elsevier.com/content/search/sciencedirect?start=1450&count=25&query=AI+governance
2020-09-04 10:46:37,123 - elsapy.elsclient - INFO - Sending GET request to https://api.elsevier.com/content/search/sciencedirect?start=1475&count=25&query=AI+governance
2020-09-04 10:46:38,931 - elsapy.elsclient - INFO - Sending GET request to https://api.elsevier.com/content/search/sciencedirect?start=1500&count=25&query=AI+governance
2020-09-04 10:46:40,889 - elsapy.elsclient - INFO - Sending GET request to https://api.elsevier.com/content/search/sciencedirect?start=1525&count=25&query=AI+governance
2020-09-04 10:46:42,536 - elsapy.elsclient - INFO - Sending GET request to https://api.elsevier.com/content/search/sciencedirect?start=1550&count=25&query=AI+governance
2020-09-04 10:46:44,304 - elsapy.elsclient - INFO - Sending GET request to https://api.elsevier.com/content/search/sciencedirect?start=1575&count=25&query=AI+governance
2020-09-04 10:46:46,060 - elsapy.elsclient - INFO - Sending GET request to https://api.elsevier.com/content/search/sciencedirect?start=1600&count=25&query=AI+governance
2020-09-04 10:46:47,765 - elsapy.elsclient - INFO - Sending GET request to https://api.elsevier.com/content/search/sciencedirect?start=1625&count=25&query=AI+governance
2020-09-04 10:46:49,465 - elsapy.elsclient - INFO - Sending GET request to https://api.elsevier.com/content/search/sciencedirect?start=1650&count=25&query=AI+governance
2020-09-04 10:46:51,072 - elsapy.elsclient - INFO - Sending GET request to https://api.elsevier.com/content/search/sciencedirect?start=1675&count=25&query=AI+governance
2020-09-04 10:46:52,693 - elsapy.elsclient - INFO - Sending GET request to https://api.elsevier.com/content/search/sciencedirect?start=1700&count=25&query=AI+governance
2020-09-04 10:46:54,345 - elsapy.elsclient - INFO - Sending GET request to https://api.elsevier.com/content/search/sciencedirect?start=1725&count=25&query=AI+governance
2020-09-04 10:46:56,023 - elsapy.elsclient - INFO - Sending GET request to https://api.elsevier.com/content/search/sciencedirect?start=1750&count=25&query=AI+governance
2020-09-04 10:46:57,675 - elsapy.elsclient - INFO - Sending GET request to https://api.elsevier.com/content/search/sciencedirect?start=1775&count=25&query=AI+governance
2020-09-04 10:46:59,366 - elsapy.elsclient - INFO - Sending GET request to https://api.elsevier.com/content/search/sciencedirect?start=1800&count=25&query=AI+governance
2020-09-04 10:47:01,068 - elsapy.elsclient - INFO - Sending GET request to https://api.elsevier.com/content/search/sciencedirect?start=1825&count=25&query=AI+governance
2020-09-04 10:47:03,240 - elsapy.elsclient - INFO - Sending GET request to https://api.elsevier.com/content/search/sciencedirect?start=1850&count=25&query=AI+governance
2020-09-04 10:47:04,936 - elsapy.elsclient - INFO - Sending GET request to https://api.elsevier.com/content/search/sciencedirect?start=1875&count=25&query=AI+governance
2020-09-04 10:47:06,615 - elsapy.elsclient - INFO - Sending GET request to https://api.elsevier.com/content/search/sciencedirect?start=1900&count=25&query=AI+governance
2020-09-04 10:47:08,465 - elsapy.elsclient - INFO - Sending GET request to https://api.elsevier.com/content/search/sciencedirect?start=1925&count=25&query=AI+governance
2020-09-04 10:47:10,107 - elsapy.elsclient - INFO - Sending GET request to https://api.elsevier.com/content/search/sciencedirect?start=1950&count=25&query=AI+governance
2020-09-04 10:47:12,244 - elsapy.elsclient - INFO - Sending GET request to https://api.elsevier.com/content/search/sciencedirect?start=1975&count=25&query=AI+governance
2020-09-04 10:47:14,145 - elsapy.elsclient - INFO - Sending GET request to https://api.elsevier.com/content/search/sciencedirect?start=2000&count=25&query=AI+governance
2020-09-04 10:47:21,086 - elsapy.elsclient - INFO - Sending GET request to https://api.elsevier.com/content/search/sciencedirect?start=2025&count=25&query=AI+governance
2020-09-04 10:47:23,589 - elsapy.elsclient - INFO - Sending GET request to https://api.elsevier.com/content/search/sciencedirect?start=2050&count=25&query=AI+governance
2020-09-04 10:47:25,257 - elsapy.elsclient - INFO - Sending GET request to https://api.elsevier.com/content/search/sciencedirect?start=2075&count=25&query=AI+governance
2020-09-04 10:47:27,130 - elsapy.elsclient - INFO - Sending GET request to https://api.elsevier.com/content/search/sciencedirect?start=2100&count=25&query=AI+governance
2020-09-04 10:47:28,755 - elsapy.elsclient - INFO - Sending GET request to https://api.elsevier.com/content/search/sciencedirect?start=2125&count=25&query=AI+governance
2020-09-04 10:47:30,531 - elsapy.elsclient - INFO - Sending GET request to https://api.elsevier.com/content/search/sciencedirect?start=2150&count=25&query=AI+governance
2020-09-04 10:47:32,437 - elsapy.elsclient - INFO - Sending GET request to https://api.elsevier.com/content/search/sciencedirect?start=2175&count=25&query=AI+governance
2020-09-04 10:47:34,256 - elsapy.elsclient - INFO - Sending GET request to https://api.elsevier.com/content/search/sciencedirect?start=2200&count=25&query=AI+governance
2020-09-04 10:47:35,908 - elsapy.elsclient - INFO - Sending GET request to https://api.elsevier.com/content/search/sciencedirect?start=2225&count=25&query=AI+governance
2020-09-04 10:47:37,544 - elsapy.elsclient - INFO - Sending GET request to https://api.elsevier.com/content/search/sciencedirect?start=2250&count=25&query=AI+governance
2020-09-04 10:47:39,282 - elsapy.elsclient - INFO - Sending GET request to https://api.elsevier.com/content/search/sciencedirect?start=2275&count=25&query=AI+governance
2020-09-04 10:47:40,881 - elsapy.elsclient - INFO - Sending GET request to https://api.elsevier.com/content/search/sciencedirect?start=2300&count=25&query=AI+governance
2020-09-04 10:47:43,170 - elsapy.elsclient - INFO - Sending GET request to https://api.elsevier.com/content/search/sciencedirect?start=2325&count=25&query=AI+governance
2020-09-04 10:47:44,990 - elsapy.elsclient - INFO - Sending GET request to https://api.elsevier.com/content/search/sciencedirect?start=2350&count=25&query=AI+governance
2020-09-04 10:47:46,897 - elsapy.elsclient - INFO - Sending GET request to https://api.elsevier.com/content/search/sciencedirect?start=2375&count=25&query=AI+governance
2020-09-04 10:47:48,481 - elsapy.elsclient - INFO - Sending GET request to https://api.elsevier.com/content/search/sciencedirect?start=2400&count=25&query=AI+governance
2020-09-04 10:47:50,136 - elsapy.elsclient - INFO - Sending GET request to https://api.elsevier.com/content/search/sciencedirect?start=2425&count=25&query=AI+governance
2020-09-04 10:47:51,703 - elsapy.elsclient - INFO - Sending GET request to https://api.elsevier.com/content/search/sciencedirect?start=2450&count=25&query=AI+governance
2020-09-04 10:47:53,345 - elsapy.elsclient - INFO - Sending GET request to https://api.elsevier.com/content/search/sciencedirect?start=2475&count=25&query=AI+governance
2020-09-04 10:47:54,956 - elsapy.elsclient - INFO - Sending GET request to https://api.elsevier.com/content/search/sciencedirect?start=2500&count=25&query=AI+governance
2020-09-04 10:47:56,794 - elsapy.elsclient - INFO - Sending GET request to https://api.elsevier.com/content/search/sciencedirect?start=2525&count=25&query=AI+governance
2020-09-04 10:47:58,431 - elsapy.elsclient - INFO - Sending GET request to https://api.elsevier.com/content/search/sciencedirect?start=2550&count=25&query=AI+governance
2020-09-04 10:48:00,527 - elsapy.elsclient - INFO - Sending GET request to https://api.elsevier.com/content/search/sciencedirect?start=2575&count=25&query=AI+governance
2020-09-04 10:55:13,011 - elsapy.elsclient - INFO - Sending GET request to https://api.elsevier.com/content/search/sciencedirect?start=2600&count=25&query=AI+governance
2020-09-04 10:56:16,578 - elsapy.elsclient - INFO - Module loaded.
2020-09-04 10:56:18,042 - elsapy.elsentity - INFO - Module loaded.
2020-09-04 10:56:18,044 - elsapy.utils - INFO - Module loaded.
2020-09-04 10:56:18,045 - elsapy.elsprofile - INFO - Module loaded.
2020-09-04 10:56:18,047 - elsapy.elsdoc - INFO - Module loaded.
2020-09-04 10:56:18,049 - elsapy.elssearch - INFO - Module loaded.
2020-09-04 10:56:18,052 - elsapy.elsclient - INFO - Sending GET request to https://api.elsevier.com/content/search/sciencedirect?query=AI+governance
2020-09-04 10:56:20,176 - elsapy.elsclient - INFO - Sending GET request to https://api.elsevier.com/content/search/sciencedirect?start=25&count=25&query=AI+governance
2020-09-04 10:56:22,216 - elsapy.elsclient - INFO - Sending GET request to https://api.elsevier.com/content/search/sciencedirect?start=50&count=25&query=AI+governance
2020-09-04 10:56:24,091 - elsapy.elsclient - INFO - Sending GET request to https://api.elsevier.com/content/search/sciencedirect?start=75&count=25&query=AI+governance
2020-09-04 10:56:26,410 - elsapy.elsclient - INFO - Sending GET request to https://api.elsevier.com/content/search/sciencedirect?start=100&count=25&query=AI+governance
2020-09-04 10:56:29,082 - elsapy.elsclient - INFO - Sending GET request to https://api.elsevier.com/content/search/sciencedirect?start=125&count=25&query=AI+governance
2020-09-04 10:56:31,266 - elsapy.elsclient - INFO - Sending GET request to https://api.elsevier.com/content/search/sciencedirect?start=150&count=25&query=AI+governance
2020-09-04 10:56:33,833 - elsapy.elsclient - INFO - Sending GET request to https://api.elsevier.com/content/search/sciencedirect?start=175&count=25&query=AI+governance
2020-09-04 10:56:35,777 - elsapy.elsclient - INFO - Sending GET request to https://api.elsevier.com/content/search/sciencedirect?start=200&count=25&query=AI+governance
2020-09-04 10:56:40,884 - elsapy.elsclient - INFO - Sending GET request to https://api.elsevier.com/content/search/sciencedirect?start=225&count=25&query=AI+governance
2020-09-04 10:56:42,857 - elsapy.elsclient - INFO - Sending GET request to https://api.elsevier.com/content/search/sciencedirect?start=250&count=25&query=AI+governance
2020-09-04 10:56:44,869 - elsapy.elsclient - INFO - Sending GET request to https://api.elsevier.com/content/search/sciencedirect?start=275&count=25&query=AI+governance
2020-09-04 10:56:46,635 - elsapy.elsclient - INFO - Sending GET request to https://api.elsevier.com/content/search/sciencedirect?start=300&count=25&query=AI+governance
2020-09-04 10:56:48,817 - elsapy.elsclient - INFO - Sending GET request to https://api.elsevier.com/content/search/sciencedirect?start=325&count=25&query=AI+governance
2020-09-04 10:56:51,044 - elsapy.elsclient - INFO - Sending GET request to https://api.elsevier.com/content/search/sciencedirect?start=350&count=25&query=AI+governance
2020-09-04 10:56:53,194 - elsapy.elsclient - INFO - Sending GET request to https://api.elsevier.com/content/search/sciencedirect?start=375&count=25&query=AI+governance
2020-09-04 10:56:55,256 - elsapy.elsclient - INFO - Sending GET request to https://api.elsevier.com/content/search/sciencedirect?start=400&count=25&query=AI+governance
2020-09-04 10:56:57,281 - elsapy.elsclient - INFO - Sending GET request to https://api.elsevier.com/content/search/sciencedirect?start=425&count=25&query=AI+governance
2020-09-04 10:56:58,919 - elsapy.elsclient - INFO - Sending GET request to https://api.elsevier.com/content/search/sciencedirect?start=450&count=25&query=AI+governance
2020-09-04 10:57:00,664 - elsapy.elsclient - INFO - Sending GET request to https://api.elsevier.com/content/search/sciencedirect?start=475&count=25&query=AI+governance
2020-09-04 10:57:02,683 - elsapy.elsclient - INFO - Sending GET request to https://api.elsevier.com/content/search/sciencedirect?start=500&count=25&query=AI+governance
2020-09-04 10:57:04,335 - elsapy.elsclient - INFO - Sending GET request to https://api.elsevier.com/content/search/sciencedirect?start=525&count=25&query=AI+governance
2020-09-04 10:57:06,005 - elsapy.elsclient - INFO - Sending GET request to https://api.elsevier.com/content/search/sciencedirect?start=550&count=25&query=AI+governance
2020-09-04 10:57:08,631 - elsapy.elsclient - INFO - Sending GET request to https://api.elsevier.com/content/search/sciencedirect?start=575&count=25&query=AI+governance
2020-09-04 10:57:10,541 - elsapy.elsclient - INFO - Sending GET request to https://api.elsevier.com/content/search/sciencedirect?start=600&count=25&query=AI+governance
2020-09-04 10:57:12,302 - elsapy.elsclient - INFO - Sending GET request to https://api.elsevier.com/content/search/sciencedirect?start=625&count=25&query=AI+governance
2020-09-04 10:57:13,995 - elsapy.elsclient - INFO - Sending GET request to https://api.elsevier.com/content/search/sciencedirect?start=650&count=25&query=AI+governance
2020-09-04 10:57:15,897 - elsapy.elsclient - INFO - Sending GET request to https://api.elsevier.com/content/search/sciencedirect?start=675&count=25&query=AI+governance
2020-09-04 10:57:17,554 - elsapy.elsclient - INFO - Sending GET request to https://api.elsevier.com/content/search/sciencedirect?start=700&count=25&query=AI+governance
2020-09-04 10:57:20,116 - elsapy.elsclient - INFO - Sending GET request to https://api.elsevier.com/content/search/sciencedirect?start=725&count=25&query=AI+governance
2020-09-04 10:57:22,783 - elsapy.elsclient - INFO - Sending GET request to https://api.elsevier.com/content/search/sciencedirect?start=750&count=25&query=AI+governance
2020-09-04 10:57:24,460 - elsapy.elsclient - INFO - Sending GET request to https://api.elsevier.com/content/search/sciencedirect?start=775&count=25&query=AI+governance
2020-09-04 10:57:26,316 - elsapy.elsclient - INFO - Sending GET request to https://api.elsevier.com/content/search/sciencedirect?start=800&count=25&query=AI+governance
2020-09-04 10:57:28,287 - elsapy.elsclient - INFO - Sending GET request to https://api.elsevier.com/content/search/sciencedirect?start=825&count=25&query=AI+governance
2020-09-04 10:57:30,164 - elsapy.elsclient - INFO - Sending GET request to https://api.elsevier.com/content/search/sciencedirect?start=850&count=25&query=AI+governance
2020-09-04 10:57:32,076 - elsapy.elsclient - INFO - Sending GET request to https://api.elsevier.com/content/search/sciencedirect?start=875&count=25&query=AI+governance
2020-09-04 10:57:35,795 - elsapy.elsclient - INFO - Sending GET request to https://api.elsevier.com/content/search/sciencedirect?start=900&count=25&query=AI+governance
2020-09-04 10:57:39,081 - elsapy.elsclient - INFO - Sending GET request to https://api.elsevier.com/content/search/sciencedirect?start=925&count=25&query=AI+governance
2020-09-04 10:57:41,108 - elsapy.elsclient - INFO - Sending GET request to https://api.elsevier.com/content/search/sciencedirect?start=950&count=25&query=AI+governance
2020-09-04 10:57:43,444 - elsapy.elsclient - INFO - Sending GET request to https://api.elsevier.com/content/search/sciencedirect?start=975&count=25&query=AI+governance
2020-09-04 10:57:45,190 - elsapy.elsclient - INFO - Sending GET request to https://api.elsevier.com/content/search/sciencedirect?start=1000&count=25&query=AI+governance
2020-09-04 10:57:46,860 - elsapy.elsclient - INFO - Sending GET request to https://api.elsevier.com/content/search/sciencedirect?start=1025&count=25&query=AI+governance
2020-09-04 10:57:48,571 - elsapy.elsclient - INFO - Sending GET request to https://api.elsevier.com/content/search/sciencedirect?start=1050&count=25&query=AI+governance
2020-09-04 10:57:51,304 - elsapy.elsclient - INFO - Sending GET request to https://api.elsevier.com/content/search/sciencedirect?start=1075&count=25&query=AI+governance
2020-09-04 10:57:53,716 - elsapy.elsclient - INFO - Sending GET request to https://api.elsevier.com/content/search/sciencedirect?start=1100&count=25&query=AI+governance
2020-09-04 10:57:56,156 - elsapy.elsclient - INFO - Sending GET request to https://api.elsevier.com/content/search/sciencedirect?start=1125&count=25&query=AI+governance
2020-09-04 10:57:57,920 - elsapy.elsclient - INFO - Sending GET request to https://api.elsevier.com/content/search/sciencedirect?start=1150&count=25&query=AI+governance
2020-09-04 10:57:59,727 - elsapy.elsclient - INFO - Sending GET request to https://api.elsevier.com/content/search/sciencedirect?start=1175&count=25&query=AI+governance
2020-09-04 10:58:01,839 - elsapy.elsclient - INFO - Sending GET request to https://api.elsevier.com/content/search/sciencedirect?start=1200&count=25&query=AI+governance
2020-09-04 10:58:03,556 - elsapy.elsclient - INFO - Sending GET request to https://api.elsevier.com/content/search/sciencedirect?start=1225&count=25&query=AI+governance
2020-09-04 10:58:05,170 - elsapy.elsclient - INFO - Sending GET request to https://api.elsevier.com/content/search/sciencedirect?start=1250&count=25&query=AI+governance
2020-09-04 10:58:07,334 - elsapy.elsclient - INFO - Sending GET request to https://api.elsevier.com/content/search/sciencedirect?start=1275&count=25&query=AI+governance
2020-09-04 10:58:09,061 - elsapy.elsclient - INFO - Sending GET request to https://api.elsevier.com/content/search/sciencedirect?start=1300&count=25&query=AI+governance
2020-09-04 10:58:10,791 - elsapy.elsclient - INFO - Sending GET request to https://api.elsevier.com/content/search/sciencedirect?start=1325&count=25&query=AI+governance
2020-09-04 10:58:12,585 - elsapy.elsclient - INFO - Sending GET request to https://api.elsevier.com/content/search/sciencedirect?start=1350&count=25&query=AI+governance
2020-09-04 10:58:14,361 - elsapy.elsclient - INFO - Sending GET request to https://api.elsevier.com/content/search/sciencedirect?start=1375&count=25&query=AI+governance
2020-09-04 10:58:16,223 - elsapy.elsclient - INFO - Sending GET request to https://api.elsevier.com/content/search/sciencedirect?start=1400&count=25&query=AI+governance
2020-09-04 10:58:18,572 - elsapy.elsclient - INFO - Sending GET request to https://api.elsevier.com/content/search/sciencedirect?start=1425&count=25&query=AI+governance
2020-09-04 10:58:20,312 - elsapy.elsclient - INFO - Sending GET request to https://api.elsevier.com/content/search/sciencedirect?start=1450&count=25&query=AI+governance
2020-09-04 10:58:21,929 - elsapy.elsclient - INFO - Sending GET request to https://api.elsevier.com/content/search/sciencedirect?start=1475&count=25&query=AI+governance
2020-09-04 10:58:23,691 - elsapy.elsclient - INFO - Sending GET request to https://api.elsevier.com/content/search/sciencedirect?start=1500&count=25&query=AI+governance
2020-09-04 10:58:25,443 - elsapy.elsclient - INFO - Sending GET request to https://api.elsevier.com/content/search/sciencedirect?start=1525&count=25&query=AI+governance
2020-09-04 10:58:27,195 - elsapy.elsclient - INFO - Sending GET request to https://api.elsevier.com/content/search/sciencedirect?start=1550&count=25&query=AI+governance
2020-09-04 10:58:28,909 - elsapy.elsclient - INFO - Sending GET request to https://api.elsevier.com/content/search/sciencedirect?start=1575&count=25&query=AI+governance
2020-09-04 10:58:30,944 - elsapy.elsclient - INFO - Sending GET request to https://api.elsevier.com/content/search/sciencedirect?start=1600&count=25&query=AI+governance
2020-09-04 10:58:32,606 - elsapy.elsclient - INFO - Sending GET request to https://api.elsevier.com/content/search/sciencedirect?start=1625&count=25&query=AI+governance
2020-09-04 10:58:34,437 - elsapy.elsclient - INFO - Sending GET request to https://api.elsevier.com/content/search/sciencedirect?start=1650&count=25&query=AI+governance
2020-09-04 10:58:36,133 - elsapy.elsclient - INFO - Sending GET request to https://api.elsevier.com/content/search/sciencedirect?start=1675&count=25&query=AI+governance
2020-09-04 10:58:39,698 - elsapy.elsclient - INFO - Sending GET request to https://api.elsevier.com/content/search/sciencedirect?start=1700&count=25&query=AI+governance
2020-09-04 10:58:41,639 - elsapy.elsclient - INFO - Sending GET request to https://api.elsevier.com/content/search/sciencedirect?start=1725&count=25&query=AI+governance
2020-09-04 10:58:43,482 - elsapy.elsclient - INFO - Sending GET request to https://api.elsevier.com/content/search/sciencedirect?start=1750&count=25&query=AI+governance
2020-09-04 10:58:45,177 - elsapy.elsclient - INFO - Sending GET request to https://api.elsevier.com/content/search/sciencedirect?start=1775&count=25&query=AI+governance
2020-09-04 10:58:47,559 - elsapy.elsclient - INFO - Sending GET request to https://api.elsevier.com/content/search/sciencedirect?start=1800&count=25&query=AI+governance
2020-09-04 10:58:49,304 - elsapy.elsclient - INFO - Sending GET request to https://api.elsevier.com/content/search/sciencedirect?start=1825&count=25&query=AI+governance
2020-09-04 10:58:51,149 - elsapy.elsclient - INFO - Sending GET request to https://api.elsevier.com/content/search/sciencedirect?start=1850&count=25&query=AI+governance
2020-09-04 10:58:53,176 - elsapy.elsclient - INFO - Sending GET request to https://api.elsevier.com/content/search/sciencedirect?start=1875&count=25&query=AI+governance
2020-09-04 10:58:56,738 - elsapy.elsclient - INFO - Sending GET request to https://api.elsevier.com/content/search/sciencedirect?start=1900&count=25&query=AI+governance
2020-09-04 10:58:58,451 - elsapy.elsclient - INFO - Sending GET request to https://api.elsevier.com/content/search/sciencedirect?start=1925&count=25&query=AI+governance
2020-09-04 10:59:00,867 - elsapy.elsclient - INFO - Sending GET request to https://api.elsevier.com/content/search/sciencedirect?start=1950&count=25&query=AI+governance
2020-09-04 10:59:02,693 - elsapy.elsclient - INFO - Sending GET request to https://api.elsevier.com/content/search/sciencedirect?start=1975&count=25&query=AI+governance
2020-09-04 10:59:04,410 - elsapy.elsclient - INFO - Sending GET request to https://api.elsevier.com/content/search/sciencedirect?start=2000&count=25&query=AI+governance
2020-09-04 10:59:06,051 - elsapy.elsclient - INFO - Sending GET request to https://api.elsevier.com/content/search/sciencedirect?start=2025&count=25&query=AI+governance
2020-09-04 10:59:07,860 - elsapy.elsclient - INFO - Sending GET request to https://api.elsevier.com/content/search/sciencedirect?start=2050&count=25&query=AI+governance
2020-09-04 10:59:09,621 - elsapy.elsclient - INFO - Sending GET request to https://api.elsevier.com/content/search/sciencedirect?start=2075&count=25&query=AI+governance
2020-09-04 10:59:11,233 - elsapy.elsclient - INFO - Sending GET request to https://api.elsevier.com/content/search/sciencedirect?start=2100&count=25&query=AI+governance
2020-09-04 10:59:13,629 - elsapy.elsclient - INFO - Sending GET request to https://api.elsevier.com/content/search/sciencedirect?start=2125&count=25&query=AI+governance
2020-09-04 10:59:15,428 - elsapy.elsclient - INFO - Sending GET request to https://api.elsevier.com/content/search/sciencedirect?start=2150&count=25&query=AI+governance
2020-09-04 10:59:17,460 - elsapy.elsclient - INFO - Sending GET request to https://api.elsevier.com/content/search/sciencedirect?start=2175&count=25&query=AI+governance
2020-09-04 10:59:19,447 - elsapy.elsclient - INFO - Sending GET request to https://api.elsevier.com/content/search/sciencedirect?start=2200&count=25&query=AI+governance
2020-09-04 10:59:21,394 - elsapy.elsclient - INFO - Sending GET request to https://api.elsevier.com/content/search/sciencedirect?start=2225&count=25&query=AI+governance
2020-09-04 10:59:23,676 - elsapy.elsclient - INFO - Sending GET request to https://api.elsevier.com/content/search/sciencedirect?start=2250&count=25&query=AI+governance
2020-09-04 10:59:25,537 - elsapy.elsclient - INFO - Sending GET request to https://api.elsevier.com/content/search/sciencedirect?start=2275&count=25&query=AI+governance
2020-09-04 10:59:27,441 - elsapy.elsclient - INFO - Sending GET request to https://api.elsevier.com/content/search/sciencedirect?start=2300&count=25&query=AI+governance
2020-09-04 10:59:29,431 - elsapy.elsclient - INFO - Sending GET request to https://api.elsevier.com/content/search/sciencedirect?start=2325&count=25&query=AI+governance
2020-09-04 10:59:31,102 - elsapy.elsclient - INFO - Sending GET request to https://api.elsevier.com/content/search/sciencedirect?start=2350&count=25&query=AI+governance
2020-09-04 10:59:33,539 - elsapy.elsclient - INFO - Sending GET request to https://api.elsevier.com/content/search/sciencedirect?start=2375&count=25&query=AI+governance
2020-09-04 10:59:35,518 - elsapy.elsclient - INFO - Sending GET request to https://api.elsevier.com/content/search/sciencedirect?start=2400&count=25&query=AI+governance
2020-09-04 10:59:37,437 - elsapy.elsclient - INFO - Sending GET request to https://api.elsevier.com/content/search/sciencedirect?start=2425&count=25&query=AI+governance
2020-09-04 10:59:42,281 - elsapy.elsclient - INFO - Sending GET request to https://api.elsevier.com/content/search/sciencedirect?start=2450&count=25&query=AI+governance
2020-09-04 10:59:44,231 - elsapy.elsclient - INFO - Sending GET request to https://api.elsevier.com/content/search/sciencedirect?start=2475&count=25&query=AI+governance
2020-09-04 10:59:46,122 - elsapy.elsclient - INFO - Sending GET request to https://api.elsevier.com/content/search/sciencedirect?start=2500&count=25&query=AI+governance
2020-09-04 10:59:48,514 - elsapy.elsclient - INFO - Sending GET request to https://api.elsevier.com/content/search/sciencedirect?start=2525&count=25&query=AI+governance
2020-09-04 10:59:50,239 - elsapy.elsclient - INFO - Sending GET request to https://api.elsevier.com/content/search/sciencedirect?start=2550&count=25&query=AI+governance
2020-09-04 10:59:51,857 - elsapy.elsclient - INFO - Sending GET request to https://api.elsevier.com/content/search/sciencedirect?start=2575&count=25&query=AI+governance
2020-09-04 10:59:53,651 - elsapy.elsclient - INFO - Sending GET request to https://api.elsevier.com/content/search/sciencedirect?start=2600&count=25&query=AI+governance
2020-09-04 10:59:55,305 - elsapy.elsclient - INFO - Sending GET request to https://api.elsevier.com/content/search/sciencedirect?start=2625&count=25&query=AI+governance
2020-09-04 10:59:57,039 - elsapy.elsclient - INFO - Sending GET request to https://api.elsevier.com/content/search/sciencedirect?start=2650&count=25&query=AI+governance
2020-09-04 10:59:58,851 - elsapy.elsclient - INFO - Sending GET request to https://api.elsevier.com/content/search/sciencedirect?start=2675&count=25&query=AI+governance
2020-09-04 11:00:00,760 - elsapy.elsclient - INFO - Sending GET request to https://api.elsevier.com/content/search/sciencedirect?start=2700&count=25&query=AI+governance
2020-09-04 11:00:14,324 - elsapy.elsclient - INFO - Sending GET request to https://api.elsevier.com/content/search/sciencedirect?start=2725&count=25&query=AI+governance
2020-09-04 11:00:17,817 - elsapy.elsclient - INFO - Sending GET request to https://api.elsevier.com/content/search/sciencedirect?start=2750&count=25&query=AI+governance
2020-09-04 11:00:19,855 - elsapy.elsclient - INFO - Sending GET request to https://api.elsevier.com/content/search/sciencedirect?start=2775&count=25&query=AI+governance
2020-09-04 11:00:21,662 - elsapy.elsclient - INFO - Sending GET request to https://api.elsevier.com/content/search/sciencedirect?start=2800&count=25&query=AI+governance
2020-09-04 11:00:23,449 - elsapy.elsclient - INFO - Sending GET request to https://api.elsevier.com/content/search/sciencedirect?start=2825&count=25&query=AI+governance
2020-09-04 11:00:25,379 - elsapy.elsclient - INFO - Sending GET request to https://api.elsevier.com/content/search/sciencedirect?start=2850&count=25&query=AI+governance
2020-09-04 11:00:27,045 - elsapy.elsclient - INFO - Sending GET request to https://api.elsevier.com/content/search/sciencedirect?start=2875&count=25&query=AI+governance
2020-09-04 11:00:28,760 - elsapy.elsclient - INFO - Sending GET request to https://api.elsevier.com/content/search/sciencedirect?start=2900&count=25&query=AI+governance
2020-09-04 11:00:31,789 - elsapy.elsclient - INFO - Sending GET request to https://api.elsevier.com/content/search/sciencedirect?start=2925&count=25&query=AI+governance
2020-09-04 11:00:34,014 - elsapy.utils - INFO - Converting prism:coverDate
